22/10/29 19:11:52.482 INFO  o.s.d.r.c.RepositoryConfigurationDelegate - Bootstrapping Spring Data JPA repositories in DEFAULT mode.
22/10/29 19:11:52.671 INFO  o.s.d.r.c.RepositoryConfigurationDelegate - Finished Spring Data repository scanning in 165 ms. Found 8 JPA repository interfaces.
22/10/29 19:11:53.662 INFO  o.s.b.w.e.tomcat.TomcatWebServer       - Tomcat initialized with port(s): 7000 (http)
22/10/29 19:11:53.680 INFO  o.a.coyote.http11.Http11NioProtocol    - Initializing ProtocolHandler ["http-nio-7000"]
22/10/29 19:11:53.680 INFO  o.apache.catalina.core.StandardService - Starting service [Tomcat]
22/10/29 19:11:53.681 INFO  o.apache.catalina.core.StandardEngine  - Starting Servlet engine: [Apache Tomcat/9.0.65]
22/10/29 19:11:53.905 INFO  o.a.c.c.C.[Tomcat].[localhost].[/]     - Initializing Spring embedded WebApplicationContext
22/10/29 19:11:53.905 INFO  o.s.b.w.s.c.ServletWebServerApplicationContext - Root WebApplicationContext: initialization completed in 2879 ms
22/10/29 19:11:54.208 INFO  com.zaxxer.hikari.HikariDataSource     - HikariPool-1 - Starting...
22/10/29 19:11:55.111 INFO  com.zaxxer.hikari.HikariDataSource     - HikariPool-1 - Start completed.
22/10/29 19:11:55.210 INFO  o.h.jpa.internal.util.LogHelper        - HHH000204: Processing PersistenceUnitInfo [name: default]
22/10/29 19:11:55.391 INFO  org.hibernate.Version                  - HHH000412: Hibernate ORM core version 5.6.11.Final
22/10/29 19:11:55.763 INFO  o.hibernate.annotations.common.Version - HCANN000001: Hibernate Commons Annotations {5.1.2.Final}
22/10/29 19:11:55.992 INFO  org.hibernate.dialect.Dialect          - HHH000400: Using dialect: org.hibernate.dialect.MySQL8Dialect
22/10/29 19:11:57.160 INFO  o.h.e.t.j.p.i.JtaPlatformInitiator     - HHH000490: Using JtaPlatform implementation: [org.hibernate.engine.transaction.jta.platform.internal.NoJtaPlatform]
22/10/29 19:11:57.176 INFO  o.s.o.j.LocalContainerEntityManagerFactoryBean - Initialized JPA EntityManagerFactory for persistence unit 'default'
22/10/29 19:11:58.915 WARN  o.s.b.a.o.j.JpaBaseConfiguration$JpaWebConfiguration - spring.jpa.open-in-view is enabled by default. Therefore, database queries may be performed during view rendering. Explicitly configure spring.jpa.open-in-view to disable this warning
22/10/29 19:11:59.454 INFO  o.a.coyote.http11.Http11NioProtocol    - Starting ProtocolHandler ["http-nio-7000"]
22/10/29 19:11:59.491 INFO  o.s.b.w.e.tomcat.TomcatWebServer       - Tomcat started on port(s): 7000 (http) with context path ''
22/10/29 19:12:37.347 INFO  o.s.o.j.LocalContainerEntityManagerFactoryBean - Closing JPA EntityManagerFactory for persistence unit 'default'
22/10/29 19:12:37.351 INFO  com.zaxxer.hikari.HikariDataSource     - HikariPool-1 - Shutdown initiated...
22/10/29 19:12:37.355 INFO  com.zaxxer.hikari.HikariDataSource     - HikariPool-1 - Shutdown completed.
